[12:41:56] [main/INFO]: Loading Minecraft 1.21.1 with Fabric Loader 0.16.14
[12:41:56] [main/INFO]: Loading 4 mods:
	- fabricloader 0.16.14
	   \-- mixinextras 0.4.1
	- java 21
	- minecraft 1.21.1
[12:41:56] [main/INFO]: SpongePowered MIXIN Subsystem Version=0.8.7 Source=file:/workspaces/Minecraft-Server/servidor_minecraft/libraries/net/fabricmc/sponge-mixin/0.15.5+mixin.0.8.7/sponge-mixin-0.15.5+mixin.0.8.7.jar Service=Knot/Fabric Env=SERVER
[12:42:05] [main/INFO]: Environment: Environment[sessionHost=https://sessionserver.mojang.com, servicesHost=https://api.minecraftservices.com, name=PROD]
[12:42:06] [main/INFO]: No existing world data, creating new world
[12:42:07] [main/INFO]: Loaded 1290 recipes
[12:42:08] [main/INFO]: Loaded 1399 advancements
[12:42:09] [Server thread/INFO]: Starting minecraft server version 1.21.1
[12:42:09] [Server thread/INFO]: Loading properties
[12:42:09] [Server thread/INFO]: Default game type: SURVIVAL
[12:42:09] [Server thread/INFO]: Generating keypair
[12:42:09] [Server thread/INFO]: Starting Minecraft server on *:25565
[12:42:09] [Server thread/INFO]: Using epoll channel type
[12:42:09] [Server thread/WARN]: **** SERVER IS RUNNING IN OFFLINE/INSECURE MODE!
[12:42:09] [Server thread/WARN]: The server will make no attempt to authenticate usernames. Beware.
[12:42:09] [Server thread/WARN]: While this makes the game possible to play without internet access, it also opens up the ability for hackers to connect with any username they choose.
[12:42:09] [Server thread/WARN]: To change this, set "online-mode" to "true" in the server.properties file.
[12:42:09] [Server thread/INFO]: Preparing level "world"
[12:42:23] [Server thread/INFO]: Preparing start region for dimension minecraft:overworld
[12:42:23] [Worker-Main-1/INFO]: Preparing spawn area: 2%
[12:42:23] [Worker-Main-1/INFO]: Preparing spawn area: 2%
[12:42:24] [Worker-Main-1/INFO]: Preparing spawn area: 2%
[12:42:24] [Worker-Main-1/INFO]: Preparing spawn area: 2%
[12:42:25] [Worker-Main-1/INFO]: Preparing spawn area: 2%
[12:42:25] [Worker-Main-1/INFO]: Preparing spawn area: 2%
[12:42:26] [Worker-Main-1/INFO]: Preparing spawn area: 2%
[12:42:26] [Worker-Main-1/INFO]: Preparing spawn area: 2%
[12:42:27] [Worker-Main-1/INFO]: Preparing spawn area: 2%
[12:42:27] [Worker-Main-1/INFO]: Preparing spawn area: 2%
[12:42:28] [Worker-Main-1/INFO]: Preparing spawn area: 2%
[12:42:29] [Worker-Main-1/INFO]: Preparing spawn area: 2%
[12:42:29] [Worker-Main-1/INFO]: Preparing spawn area: 2%
[12:42:29] [Worker-Main-1/INFO]: Preparing spawn area: 2%
[12:42:30] [Worker-Main-1/INFO]: Preparing spawn area: 2%
[12:42:30] [Worker-Main-1/INFO]: Preparing spawn area: 2%
[12:42:31] [Worker-Main-1/INFO]: Preparing spawn area: 2%
[12:42:31] [Worker-Main-1/INFO]: Preparing spawn area: 2%
[12:42:32] [Worker-Main-1/INFO]: Preparing spawn area: 2%
[12:42:32] [Worker-Main-1/INFO]: Preparing spawn area: 2%
[12:42:33] [Worker-Main-1/INFO]: Preparing spawn area: 2%
[12:42:33] [Worker-Main-1/INFO]: Preparing spawn area: 2%
[12:42:34] [Worker-Main-1/INFO]: Preparing spawn area: 22%
[12:42:34] [Server thread/INFO]: Time elapsed: 11431 ms
[12:42:34] [Server thread/INFO]: Done (25.087s)! For help, type "help"
